Log started at 07/06/2024 11:36:21 (2024-07-06T08:36:21Z)
No config file at C:\ProgramData\Unreal Engine\UnrealBuildTool\BuildConfiguration.xml
No config file at C:\Users\Il\AppData\Local\Unreal Engine\UnrealBuildTool\BuildConfiguration.xml
No config file at C:\Users\Il\Documents\Unreal Engine\UnrealBuildTool\BuildConfiguration.xml
Configuration will be read from:
  C:\Users\Il\AppData\Roaming\Unreal Engine\UnrealBuildTool\BuildConfiguration.xml
Log file: H:\work\WitchHammer\WitchHammer\Saved\Logs\UnrealVersionSelector-2024.07.06-11.36.20.log

Setting temp directory to 'C:\Users\Il\AppData\Local\Temp\UnrealBuildTool\e30d7b8f'
    Registering build platform: UnrealBuildTool.AndroidPlatformFactory
Android Installed SDK(s): MinVersion_Sdk=r25b, MaxVersion_Sdk=r26c, CurrentVersion_Sdk=r25b, Version_AutoSdk=r25b, CurrentVersion_AutoSdk=
        Registering build platform: Android - buildable: True
    Registering build platform: UnrealBuildTool.IOSPlatformFactory
IOS Installed SDK(s): MinVersion_Sdk=1100.0.0.0, MaxVersion_Sdk=8999.0, CurrentVersion_Sdk=1497.1.14.1, Version_AutoSdk=14.1, CurrentVersion_AutoSdk=
        Registering build platform: IOS - buildable: True
    Registering build platform: UnrealBuildTool.LinuxPlatformFactory
        Registering build platform: Linux - buildable: False
        Registering build platform: LinuxArm64 - buildable: False
    Registering build platform: UnrealBuildTool.MacPlatformFactory
    Registering build platform: UnrealBuildTool.TVOSPlatformFactory
    Registering build platform: UnrealBuildTool.WindowsPlatformFactory
Found Windows 10 SDK root at C:\Program Files (x86)\Windows Kits\10 (1)
Found Windows 10 SDK root at C:\Program Files (x86)\Windows Kits\10 (2)
Found Windows 10 SDK version 10.0.16299.0 at C:\Program Files (x86)\Windows Kits\10
Found Universal CRT version 10.0.16299.0 at C:\Program Files (x86)\Windows Kits\10
Found Windows 10 SDK version 10.0.19041.0 at C:\Program Files (x86)\Windows Kits\10
Found Universal CRT version 10.0.19041.0 at C:\Program Files (x86)\Windows Kits\10
Found Windows 10 SDK version 10.0.22621.0 at C:\Program Files (x86)\Windows Kits\10
Found Universal CRT version 10.0.22621.0 at C:\Program Files (x86)\Windows Kits\10
Win64 Installed SDK(s): MinVersion_Sdk=10.0.18362.0, MaxVersion_Sdk=10.9.99999.0, CurrentVersion_Sdk=10.0.19041.0, Version_AutoSdk=10.0.19041.0, CurrentVersion_AutoSdk=
        Registering build platform: Win64 - buildable: True
    Registering build platform: UnrealBuildTool.VisionOSPlatformFactory
Log file: C:\Users\Il\AppData\Local\UnrealBuildTool\Log_GPF.txt
Deleting old log file: C:\Users\Il\AppData\Local\UnrealBuildTool\Log_GPF-backup-2022.05.21-18.32.27.txt
Total execution time: 2.52 seconds
Unhandled exception: System.IO.IOException: The process cannot access the file because it is being used by another process.
   at System.IO.FileSystem.MoveFile(String sourceFullPath, String destFullPath, Boolean overwrite)
   at System.IO.File.Move(String sourceFileName, String destFileName, Boolean overwrite)
   at System.IO.File.Move(String sourceFileName, String destFileName)
   at EpicGames.Core.FileReference.Move(FileReference sourceLocation, FileReference targetLocation) in D:\build\++UE5\Sync\Engine\Saved\CsTools\Engine\Source\Programs\Shared\EpicGames.Core\FileReference.cs:line 317
   at EpicGames.Core.Log.BackupLogFile(FileReference outputFile) in D:\build\++UE5\Sync\Engine\Saved\CsTools\Engine\Source\Programs\Shared\EpicGames.Core\Log.cs:line 257
   at EpicGames.Core.Log.AddFileWriter(String name, FileReference outputFile) in D:\build\++UE5\Sync\Engine\Saved\CsTools\Engine\Source\Programs\Shared\EpicGames.Core\Log.cs:line 272
   at UnrealBuildTool.GenerateProjectFilesMode.ExecuteAsync(CommandLineArguments Arguments, ILogger Logger) in D:\build\++UE5\Sync\Engine\Saved\CsTools\Engine\Source\Programs\UnrealBuildTool\Modes\GenerateProjectFilesMode.cs:line 78
   at UnrealBuildTool.UnrealBuildTool.Main(String[] ArgumentsArray) in D:\build\++UE5\Sync\Engine\Saved\CsTools\Engine\Source\Programs\UnrealBuildTool\UnrealBuildTool.cs:line 660
Unhandled exception: IOException: The process cannot access the file because it is being used by another process.
   at System.IO.FileSystem.MoveFile(String sourceFullPath, String destFullPath, Boolean overwrite)
   at System.IO.File.Move(String sourceFileName, String destFileName, Boolean overwrite)
   at System.IO.File.Move(String sourceFileName, String destFileName)
   at EpicGames.Core.FileReference.Move(FileReference sourceLocation, FileReference targetLocation) in D:\build\++UE5\Sync\Engine\Saved\CsTools\Engine\Source\Programs\Shared\EpicGames.Core\FileReference.cs:line 317
   at EpicGames.Core.Log.BackupLogFile(FileReference outputFile) in D:\build\++UE5\Sync\Engine\Saved\CsTools\Engine\Source\Programs\Shared\EpicGames.Core\Log.cs:line 257
   at EpicGames.Core.Log.AddFileWriter(String name, FileReference outputFile) in D:\build\++UE5\Sync\Engine\Saved\CsTools\Engine\Source\Programs\Shared\EpicGames.Core\Log.cs:line 272
   at UnrealBuildTool.GenerateProjectFilesMode.ExecuteAsync(CommandLineArguments Arguments, ILogger Logger) in D:\build\++UE5\Sync\Engine\Saved\CsTools\Engine\Source\Programs\UnrealBuildTool\Modes\GenerateProjectFilesMode.cs:line 78
   at UnrealBuildTool.UnrealBuildTool.Main(String[] ArgumentsArray) in D:\build\++UE5\Sync\Engine\Saved\CsTools\Engine\Source\Programs\UnrealBuildTool\UnrealBuildTool.cs:line 660
WriteFileIfChanged() wrote 0 changed files of 0 requested writes.
Timeline:

[ 0.000]
[ 0.000](+2.599) <unknown>
[ 2.599]
